-------------------------------------------------------------------------------
Test set: com.fedd.salesforce.PerformanceTest
-------------------------------------------------------------------------------
Tests run: 1, Failures: 1, Errors: 0, Skipped: 0, Time elapsed: 9.220 s <<< FAILURE! -- in com.fedd.salesforce.PerformanceTest
com.fedd.salesforce.PerformanceTest.test -- Time elapsed: 9.197 s <<< FAILURE!
org.opentest4j.AssertionFailedError: 

expected: 0L
 but was: 10L
	at java.base/jdk.internal.reflect.DirectConstructorHandleAccessor.newInstance(DirectConstructorHandleAccessor.java:62)
	at java.base/java.lang.reflect.Constructor.newInstanceWithCaller(Constructor.java:502)
	at com.fedd.salesforce.PerformanceTest.test(PerformanceTest.java:37)
	at java.base/java.lang.reflect.Method.invoke(Method.java:580)
	at java.base/java.util.ArrayList.forEach(ArrayList.java:1596)
	at java.base/java.util.ArrayList.forEach(ArrayList.java:1596)

