<?xml version="1.0" encoding="UTF-8"?>
<testsuite xmlns:xsi="http://www.w3.org/2001/XMLSchema-instance" xsi:noNamespaceSchemaLocation="https://maven.apache.org/surefire/maven-surefire-plugin/xsd/surefire-test-report-3.0.xsd" version="3.0" name="com.fedd.salesforce.PerformanceTest" time="9.22" tests="1" errors="0" skipped="0" failures="1">
  <properties>
[...]
</properties>
  <testcase name="test" classname="com.fedd.salesforce.PerformanceTest" time="9.197">
    <failure message="&#10;expected: 0L&#10; but was: 10L" type="org.opentest4j.AssertionFailedError"><![CDATA[org.opentest4j.AssertionFailedError: 

expected: 0L
 but was: 10L
	at java.base/jdk.internal.reflect.DirectConstructorHandleAccessor.newInstance(DirectConstructorHandleAccessor.java:62)
	at java.base/java.lang.reflect.Constructor.newInstanceWithCaller(Constructor.java:502)
	at com.fedd.salesforce.PerformanceTest.test(PerformanceTest.java:37)
	at java.base/java.lang.reflect.Method.invoke(Method.java:580)
	at java.base/java.util.ArrayList.forEach(ArrayList.java:1596)
	at java.base/java.util.ArrayList.forEach(ArrayList.java:1596)
]]></failure>
    <system-out><![CDATA[17:52:30.164 [main] INFO  org.apache.jmeter.util.JMeterUtils - Setting Locale to en_US
17:52:30.248 [main] INFO  org.apache.jmeter.protocol.http.sampler.HTTPSamplerBase - Parser for text/html is org.apache.jmeter.protocol.http.parser.LagartoBasedHtmlParser
17:52:30.248 [main] INFO  org.apache.jmeter.protocol.http.sampler.HTTPSamplerBase - Parser for application/xhtml+xml is org.apache.jmeter.protocol.http.parser.LagartoBasedHtmlParser
17:52:30.248 [main] INFO  org.apache.jmeter.protocol.http.sampler.HTTPSamplerBase - Parser for application/xml is org.apache.jmeter.protocol.http.parser.LagartoBasedHtmlParser
17:52:30.249 [main] INFO  org.apache.jmeter.protocol.http.sampler.HTTPSamplerBase - Parser for text/xml is org.apache.jmeter.protocol.http.parser.LagartoBasedHtmlParser
17:52:30.249 [main] INFO  org.apache.jmeter.protocol.http.sampler.HTTPSamplerBase - Parser for text/vnd.wap.wml is org.apache.jmeter.protocol.http.parser.RegexpHTMLParser
17:52:30.249 [main] INFO  org.apache.jmeter.protocol.http.sampler.HTTPSamplerBase - Parser for text/css is org.apache.jmeter.protocol.http.parser.CssParser
17:52:30.456 [main] INFO  org.apache.jmeter.util.JMeterUtils - Setting Locale to en_US
17:52:31.007 [main] INFO  org.apache.jmeter.samplers.SampleResult - Note: Sample TimeStamps are START times
17:52:31.007 [main] INFO  org.apache.jmeter.samplers.SampleResult - sampleresult.default.encoding is set to UTF-8
17:52:31.007 [main] INFO  org.apache.jmeter.samplers.SampleResult - sampleresult.useNanoTime=true
17:52:31.007 [main] INFO  org.apache.jmeter.samplers.SampleResult - sampleresult.nanoThreadSleep=5000
17:52:31.354 [main] INFO  org.apache.jmeter.engine.StandardJMeterEngine - Running the test!
17:52:31.360 [main] INFO  org.apache.jmeter.samplers.SampleEvent - List of sample_variables: []
17:52:31.360 [main] INFO  org.apache.jmeter.samplers.SampleEvent - List of sample_variables: []
17:52:31.367 [main] INFO  org.apache.jmeter.engine.util.CompoundVariable - Note: Function class names must contain the string: '.functions.'
17:52:31.367 [main] INFO  org.apache.jmeter.engine.util.CompoundVariable - Note: Function class names must not contain the string: '.gui.'
17:52:31.411 [main] INFO  org.apache.jmeter.services.FileServer - Default base='C:\Users\Fede\OneDrive\Documents\jmeter-java-dsl-salesforce'
17:52:31.557 [main] INFO  org.apache.jmeter.save.SaveService - Testplan (JMX) version: 2.2. Testlog (JTL) version: 2.2
17:52:31.560 [main] INFO  org.apache.jmeter.save.SaveService - Using SaveService properties version 5.0
17:52:31.560 [main] INFO  org.apache.jmeter.save.SaveService - Using SaveService properties file encoding UTF-8
17:52:31.567 [main] INFO  org.apache.jmeter.engine.StandardJMeterEngine - Starting setUp thread groups
17:52:31.567 [main] INFO  org.apache.jmeter.engine.StandardJMeterEngine - Starting setUp ThreadGroup: 1 : Authentication 
17:52:31.567 [main] INFO  org.apache.jmeter.engine.StandardJMeterEngine - Starting 1 threads for group Authentication.
17:52:31.567 [main] INFO  org.apache.jmeter.engine.StandardJMeterEngine - Thread will continue on error
17:52:31.567 [main] INFO  org.apache.jmeter.threads.ThreadGroup - Starting thread group... number=1 threads=1 ramp-up=0 delayedStart=false
17:52:31.576 [main] INFO  org.apache.jmeter.threads.ThreadGroup - Started thread group number 1
17:52:31.576 [main] INFO  org.apache.jmeter.engine.StandardJMeterEngine - Waiting for all setup thread groups to exit
17:52:31.576 [Authentication 1-1] INFO  org.apache.jmeter.threads.JMeterThread - Thread started: Authentication 1-1
17:52:31.576 [Authentication 1-1] INFO  org.apache.jmeter.services.FileServer - Stored: src/main/resources/data/leads_data.csv
17:52:32.218 [Authentication 1-1] INFO  org.apache.jmeter.modifiers.JSR223PreProcessor.JWT Generator - Client ID: null
17:52:32.228 [Authentication 1-1] INFO  org.apache.jmeter.modifiers.JSR223PreProcessor.JWT Generator - Key source: Local file path (PRIVATE_KEY_PATH) - Assuming plain text content.
17:52:32.305 [Authentication 1-1] INFO  org.apache.jmeter.protocol.http.sampler.HTTPHCAbstractImpl - Local host = Victus-15
17:52:32.312 [Authentication 1-1] INFO  org.apache.jmeter.protocol.http.sampler.HTTPHC4Impl - HTTP request retry count = 0
17:52:32.692 [Authentication 1-1] INFO  org.apache.jmeter.protocol.http.sampler.hc.LazyLayeredConnectionSocketFactory - Setting up HTTPS TrustAll Socket Factory
17:52:32.702 [Authentication 1-1] INFO  org.apache.jmeter.util.JsseSSLManager - Using default SSL protocol: TLS
17:52:32.702 [Authentication 1-1] INFO  org.apache.jmeter.util.JsseSSLManager - SSL session context: per-thread
17:52:32.790 [Authentication 1-1] INFO  org.apache.jmeter.util.SSLManager - JmeterKeyStore Location:  type JKS
17:52:32.790 [Authentication 1-1] INFO  org.apache.jmeter.util.SSLManager - KeyStore created OK
17:52:32.790 [Authentication 1-1] WARN  org.apache.jmeter.util.SSLManager - Keystore file not found, loading empty keystore
17:52:34.903 [Authentication 1-1] INFO  org.apache.jmeter.threads.JMeterThread - Thread is done: Authentication 1-1
17:52:34.903 [Authentication 1-1] INFO  org.apache.jmeter.threads.JMeterThread - Thread finished: Authentication 1-1
17:52:34.903 [main] INFO  org.apache.jmeter.engine.StandardJMeterEngine - All Setup Threads have ended
17:52:34.929 [main] INFO  org.apache.jmeter.engine.StandardJMeterEngine - Starting ThreadGroup: 1 : Lead to Cash
17:52:34.929 [main] INFO  org.apache.jmeter.engine.StandardJMeterEngine - Starting 1 threads for group Lead to Cash.
17:52:34.929 [main] INFO  org.apache.jmeter.engine.StandardJMeterEngine - Thread will continue on error
17:52:34.929 [main] INFO  org.apache.jmeter.threads.ThreadGroup - Starting thread group... number=1 threads=1 ramp-up=0 delayedStart=false
17:52:34.929 [main] INFO  org.apache.jmeter.threads.ThreadGroup - Started thread group number 1
17:52:34.929 [main] INFO  org.apache.jmeter.engine.StandardJMeterEngine - All thread groups have been started
17:52:34.933 [Lead to Cash 1-1] INFO  org.apache.jmeter.threads.JMeterThread - Thread started: Lead to Cash 1-1
17:52:35.219 [Lead to Cash 1-1] INFO  org.apache.jmeter.reporters.Summariser -  +      1 in 00:00:04 =    0.3/s Avg:   282 Min:   282 Max:   282 Err:     1 (100.00%) Active: 1 Started: 1 Finished: 0
 +      1 in 00:00:04 =    0.3/s Avg:   282 Min:   282 Max:   282 Err:     1 (100.00%) Active: 1 Started: 1 Finished: 0
17:52:35.413 [Lead to Cash 1-1] ERROR org.apache.jmeter.extractor.JSR223PostProcessor - Problem in JSR223 script, RECORD_ID Properties
javax.script.ScriptException: java.lang.NullPointerException
	at org.codehaus.groovy.jsr223.GroovyScriptEngineImpl.eval(GroovyScriptEngineImpl.java:320) ~[groovy-jsr223-3.0.20.jar:3.0.20]
	at org.codehaus.groovy.jsr223.GroovyCompiledScript.eval(GroovyCompiledScript.java:71) ~[groovy-jsr223-3.0.20.jar:3.0.20]
	at java.scripting/javax.script.CompiledScript.eval(CompiledScript.java:93) ~[java.scripting:?]
	at org.apache.jmeter.util.JSR223TestElement.processFileOrScript(JSR223TestElement.java:230) ~[ApacheJMeter_core-5.6.3.jar:5.6.3]
	at org.apache.jmeter.extractor.JSR223PostProcessor.process(JSR223PostProcessor.java:45) ~[ApacheJMeter_components-5.6.3.jar:5.6.3]
	at org.apache.jmeter.threads.JMeterThread.runPostProcessors(JMeterThread.java:973) ~[ApacheJMeter_core-5.6.3.jar:5.6.3]
	at org.apache.jmeter.threads.JMeterThread.executeSamplePackage(JMeterThread.java:585) ~[ApacheJMeter_core-5.6.3.jar:5.6.3]
	at org.apache.jmeter.threads.JMeterThread.processSampler(JMeterThread.java:501) ~[ApacheJMeter_core-5.6.3.jar:5.6.3]
	at org.apache.jmeter.threads.JMeterThread.run(JMeterThread.java:268) ~[ApacheJMeter_core-5.6.3.jar:5.6.3]
	at java.base/java.lang.Thread.run(Thread.java:1583) [?:?]
Caused by: java.lang.NullPointerException
	at java.base/java.util.concurrent.ConcurrentHashMap.putVal(ConcurrentHashMap.java:1011) ~[?:?]
	at java.base/java.util.concurrent.ConcurrentHashMap.put(ConcurrentHashMap.java:1006) ~[?:?]
	at java.base/java.util.Properties.put(Properties.java:1346) ~[?:?]
	at java_util_Map$put.call(Unknown Source) ~[?:?]
	at org.codehaus.groovy.runtime.callsite.CallSiteArray.defaultCall(CallSiteArray.java:47) ~[groovy-3.0.20.jar:3.0.20]
	at org.codehaus.groovy.runtime.callsite.AbstractCallSite.call(AbstractCallSite.java:125) ~[groovy-3.0.20.jar:3.0.20]
	at org.codehaus.groovy.runtime.callsite.AbstractCallSite.call(AbstractCallSite.java:148) ~[groovy-3.0.20.jar:3.0.20]
	at Script3.run(Script3.groovy:1) ~[?:?]
	at org.codehaus.groovy.jsr223.GroovyScriptEngineImpl.eval(GroovyScriptEngineImpl.java:317) ~[groovy-jsr223-3.0.20.jar:3.0.20]
	... 9 more
17:52:35.423 [Lead to Cash 1-1] INFO  org.apache.jmeter.threads.JMeterThread - Thread is done: Lead to Cash 1-1
17:52:35.423 [Lead to Cash 1-1] INFO  org.apache.jmeter.threads.JMeterThread - Thread finished: Lead to Cash 1-1
17:52:35.423 [main] INFO  org.apache.jmeter.engine.StandardJMeterEngine - Starting tearDown thread groups
17:52:35.423 [main] INFO  org.apache.jmeter.engine.StandardJMeterEngine - Starting tearDown ThreadGroup: 1 : Clean up
17:52:35.423 [main] INFO  org.apache.jmeter.engine.StandardJMeterEngine - Starting 1 threads for group Clean up.
17:52:35.423 [main] INFO  org.apache.jmeter.engine.StandardJMeterEngine - Thread will continue on error
17:52:35.423 [main] INFO  org.apache.jmeter.threads.ThreadGroup - Starting thread group... number=1 threads=1 ramp-up=0 delayedStart=false
17:52:35.423 [main] INFO  org.apache.jmeter.threads.ThreadGroup - Started thread group number 1
17:52:35.423 [Clean up 1-1] INFO  org.apache.jmeter.threads.JMeterThread - Thread started: Clean up 1-1
17:52:36.094 [Clean up 1-1] INFO  org.apache.jmeter.threads.JMeterThread - Thread is done: Clean up 1-1
17:52:36.094 [Clean up 1-1] INFO  org.apache.jmeter.threads.JMeterThread - Thread finished: Clean up 1-1
17:52:36.094 [main] INFO  org.apache.jmeter.engine.StandardJMeterEngine - Notifying test listeners of end of test
17:52:36.094 [main] INFO  org.apache.jmeter.services.FileServer - Close: src/main/resources/data/leads_data.csv
17:52:36.094 [main] INFO  org.apache.jmeter.reporters.Summariser -  +      5 in 00:00:01 =    5.7/s Avg:   167 Min:     0 Max:   276 Err:     5 (100.00%) Active: 0 Started: 1 Finished: 1
 +      5 in 00:00:01 =    5.7/s Avg:   167 Min:     0 Max:   276 Err:     5 (100.00%) Active: 0 Started: 1 Finished: 1
17:52:36.094 [main] INFO  org.apache.jmeter.reporters.Summariser -  =      6 in 00:00:05 =    1.3/s Avg:   186 Min:     0 Max:   282 Err:     6 (100.00%)
 =      6 in 00:00:05 =    1.3/s Avg:   186 Min:     0 Max:   282 Err:     6 (100.00%)
]]></system-out>
  </testcase>
</testsuite>